<?xml version="1.0" encoding="UTF-8"?>
<!-- Generated by org.testng.reporters.JUnitReportReporter -->
<testsuite hostname="Windows10" failures="0" tests="1" name="com.spicejet.bookflight.CreateHeadoffice.ATS001_SpiceJet_VerifyLogInPage" time="11.223" errors="0" timestamp="2023-12-03T18:56:23 IST" skipped="0">
  <testcase classname="com.spicejet.bookflight.CreateHeadoffice.ATS001_SpiceJet_VerifyLogInPage" name="VerifyLogInPage" time="11.223"/>
  <system-out/>
</testsuite> <!-- com.spicejet.bookflight.CreateHeadoffice.ATS001_SpiceJet_VerifyLogInPage -->
